<?xml version="1.0" encoding="UTF-8"?>
<!-- Generated by org.testng.reporters.JUnitXMLReporter -->
<testsuite ignored="0" hostname="LTIN238903" failures="0" tests="7" name="Chrome" time="139.858" errors="0" timestamp="2024-02-28T09:42:23 IST">
  <testcase classname="TestCases.IdentifyCourses" name="Select_the_WebDevelopment_Skill" time="21.459"/>
  <testcase classname="TestCases.IdentifyCourses" name="Select_the_English_And_Beginner" time="7.033"/>
  <testcase classname="TestCases.IdentifyCourses" name="Fetch_the_Course_Details" time="35.452"/>
  <testcase classname="TestCases.IdentifyCourses" name="Select_the_LanguageLearning_skill" time="16.045"/>
  <testcase classname="TestCases.IdentifyCourses" name="Fetch_Language_and_Level_counts" time="5.984"/>
  <testcase classname="TestCases.IdentifyCourses" name="navigate_to_the_form" time="23.849"/>
  <testcase classname="TestCases.IdentifyCourses" name="CaptureErrorMessage" time="9.553"/>
</testsuite> <!-- Chrome -->
